
********************************************************************************
                            Git Achievement Unlocked!                            

                                 Garage Inventor                                 
                      Used a custom alias for a Git command                      
********************************************************************************


********************************************************************************
                            Git Achievement Unlocked!                            

                        Apprentice Stone Mason (Level 1)                        
   Added files to the index area for inclusion in the next commit with git add   
********************************************************************************


********************************************************************************
                            Git Achievement Unlocked!                            

                         Apprentice Socialite (Level 1)                         
              pushed a branch to a remote repository using git push              
********************************************************************************


********************************************************************************
                            Git Achievement Unlocked!                            

                           Apprentice Author (Level 1)                           
                     Made 2^Level commits using git commit.                     
********************************************************************************


********************************************************************************
                            Git Achievement Unlocked!                            

                        Apprentice Stone Mason (Level 2)                        
   Added files to the index area for inclusion in the next commit with git add   
********************************************************************************


********************************************************************************
                            Git Achievement Unlocked!                            

                         Apprentice Socialite (Level 2)                         
              pushed a branch to a remote repository using git push              
********************************************************************************


********************************************************************************
                            Git Achievement Unlocked!                            

                         Apprentice Blacksmith (Level 1)                         
                     Created a branch using git checkout -b.                     
********************************************************************************


********************************************************************************
                            Git Achievement Unlocked!                            

                        Apprentice Stone Mason (Level 3)                        
   Added files to the index area for inclusion in the next commit with git add   
********************************************************************************


********************************************************************************
                            Git Achievement Unlocked!                            

                           Apprentice Author (Level 2)                           
                     Made 2^Level commits using git commit.                     
********************************************************************************


********************************************************************************
                            Git Achievement Unlocked!                            

                           Apprentice Author (Level 3)                           
                     Made 2^Level commits using git commit.                     
********************************************************************************


********************************************************************************
                            Git Achievement Unlocked!                            

                         Apprentice Socialite (Level 3)                         
              pushed a branch to a remote repository using git push              
********************************************************************************


********************************************************************************
                            Git Achievement Unlocked!                            

                         Apprentice Architect (Level 1)                         
                     Created a new repository with git init.                     
********************************************************************************


********************************************************************************
                            Git Achievement Unlocked!                            

                              Stone Mason (Level 4)                              
   Added files to the index area for inclusion in the next commit with git add   
********************************************************************************


********************************************************************************
                            Git Achievement Unlocked!                            

                                    Caretaker                                    
                    Added a .gitignore file to a repository.                    
********************************************************************************


********************************************************************************
                            Git Achievement Unlocked!                            

                               Let there be light                               
                            Commit without a parent.                            
********************************************************************************


********************************************************************************
                            Git Achievement Unlocked!                            

                         Apprentice Carpenter (Level 1)                         
 Custom git hooks are installed which help catch issues before they are shared. 
********************************************************************************


********************************************************************************
                            Git Achievement Unlocked!                            

                              Stone Mason (Level 5)                              
   Added files to the index area for inclusion in the next commit with git add   
********************************************************************************


********************************************************************************
                            Git Achievement Unlocked!                            

                         Apprentice Historian (Level 1)                         
                    Investigate the commit log using git log.                    
********************************************************************************


********************************************************************************
                            Git Achievement Unlocked!                            

                                Author (Level 4)                                
                     Made 2^Level commits using git commit.                     
********************************************************************************


********************************************************************************
                            Git Achievement Unlocked!                            

                         Apprentice Historian (Level 2)                         
                    Investigate the commit log using git log.                    
********************************************************************************


********************************************************************************
                            Git Achievement Unlocked!                            

                         Apprentice Architect (Level 2)                         
                     Created a new repository with git init.                     
********************************************************************************


********************************************************************************
                            Git Achievement Unlocked!                            

                          Apprentice Pedantic (Level 1)                          
 Use the flow extension to encourage an orderly and standardized branching model 
********************************************************************************


********************************************************************************
                            Git Achievement Unlocked!                            

                              Stone Mason (Level 6)                              
   Added files to the index area for inclusion in the next commit with git add   
********************************************************************************


********************************************************************************
                            Git Achievement Unlocked!                            

                         Apprentice Architect (Level 3)                         
                     Created a new repository with git init.                     
********************************************************************************


********************************************************************************
                            Git Achievement Unlocked!                            

                                Author (Level 5)                                
                     Made 2^Level commits using git commit.                     
********************************************************************************


********************************************************************************
                            Git Achievement Unlocked!                            

                               Socialite (Level 4)                               
              pushed a branch to a remote repository using git push              
********************************************************************************


********************************************************************************
                            Git Achievement Unlocked!                            

                       Apprentice Cleaning lady (Level 1)                       
           Remove untracked files from the working tree with git clean           
********************************************************************************


********************************************************************************
                            Git Achievement Unlocked!                            

                                Author (Level 6)                                
                     Made 2^Level commits using git commit.                     
********************************************************************************


********************************************************************************
                            Git Achievement Unlocked!                            

                               Socialite (Level 5)                               
              pushed a branch to a remote repository using git push              
********************************************************************************


********************************************************************************
                            Git Achievement Unlocked!                            

                         Apprentice Blacksmith (Level 2)                         
                     Created a branch using git checkout -b.                     
********************************************************************************


********************************************************************************
                            Git Achievement Unlocked!                            

                       Apprentice Cleaning lady (Level 2)                       
           Remove untracked files from the working tree with git clean           
********************************************************************************


********************************************************************************
                            Git Achievement Unlocked!                            

                         Apprentice Collector (Level 1)                         
       Fetches named heads or tags from another repository with git fetch       
********************************************************************************


********************************************************************************
                            Git Achievement Unlocked!                            

                      Apprentice Product Manager (Level 1)                      
       Stash the changes in a dirty working directory away with git stash.       
********************************************************************************


********************************************************************************
                            Git Achievement Unlocked!                            

                               Historian (Level 4)                               
                    Investigate the commit log using git log.                    
********************************************************************************


********************************************************************************
                            Git Achievement Unlocked!                            

                         Apprentice Collector (Level 2)                         
       Fetches named heads or tags from another repository with git fetch       
********************************************************************************


********************************************************************************
                            Git Achievement Unlocked!                            

                           Apprentice Banker (Level 3)                           
         Join two or more development histories together with git merge.         
********************************************************************************


********************************************************************************
                            Git Achievement Unlocked!                            

                               Socialite (Level 6)                               
              pushed a branch to a remote repository using git push              
********************************************************************************


********************************************************************************
                            Git Achievement Unlocked!                            

                             Master Author (Level 7)                             
                     Made 2^Level commits using git commit.                     
********************************************************************************


********************************************************************************
                            Git Achievement Unlocked!                            

                       Apprentice Cleaning lady (Level 3)                       
           Remove untracked files from the working tree with git clean           
********************************************************************************


********************************************************************************
                            Git Achievement Unlocked!                            

                         Apprentice Blacksmith (Level 3)                         
                     Created a branch using git checkout -b.                     
********************************************************************************


********************************************************************************
                            Git Achievement Unlocked!                            

                      Apprentice Product Manager (Level 2)                      
       Stash the changes in a dirty working directory away with git stash.       
********************************************************************************


********************************************************************************
                            Git Achievement Unlocked!                            

                          Master Stone Mason (Level 8)                          
   Added files to the index area for inclusion in the next commit with git add   
********************************************************************************


********************************************************************************
                            Git Achievement Unlocked!                            

                      Apprentice Chimney Sweeper (Level 1)                      
  Used git gc to run a number of housekeeping tasks on the current repository.  
********************************************************************************


********************************************************************************
                            Git Achievement Unlocked!                            

                      Apprentice Product Manager (Level 3)                      
       Stash the changes in a dirty working directory away with git stash.       
********************************************************************************


********************************************************************************
                            Git Achievement Unlocked!                            

                      Apprentice Chimney Sweeper (Level 2)                      
  Used git gc to run a number of housekeeping tasks on the current repository.  
********************************************************************************


********************************************************************************
                            Git Achievement Unlocked!                            

                           Master Socialite (Level 7)                           
              pushed a branch to a remote repository using git push              
********************************************************************************


********************************************************************************
                            Git Achievement Unlocked!                            

                             Master Author (Level 8)                             
                     Made 2^Level commits using git commit.                     
********************************************************************************


********************************************************************************
                            Git Achievement Unlocked!                            

                      Apprentice Chimney Sweeper (Level 3)                      
  Used git gc to run a number of housekeeping tasks on the current repository.  
********************************************************************************


********************************************************************************
                            Git Achievement Unlocked!                            

                               Historian (Level 5)                               
                    Investigate the commit log using git log.                    
********************************************************************************


********************************************************************************
                            Git Achievement Unlocked!                            

                          Apprentice Plumber (Level 1)                          
                   Use the internal plumbing commands of git.                   
********************************************************************************


********************************************************************************
                            Git Achievement Unlocked!                            

                         Apprentice Collector (Level 3)                         
       Fetches named heads or tags from another repository with git fetch       
********************************************************************************


********************************************************************************
                            Git Achievement Unlocked!                            

                                     Weaver                                     
                  Investigate old branches by using git reflog                  
********************************************************************************


********************************************************************************
                            Git Achievement Unlocked!                            

                             Cleaning lady (Level 4)                             
           Remove untracked files from the working tree with git clean           
********************************************************************************


********************************************************************************
                            Git Achievement Unlocked!                            

                            Chimney Sweeper (Level 4)                            
  Used git gc to run a number of housekeeping tasks on the current repository.  
********************************************************************************


********************************************************************************
                            Git Achievement Unlocked!                            

                          Master Stone Mason (Level 9)                          
   Added files to the index area for inclusion in the next commit with git add   
********************************************************************************


********************************************************************************
                            Git Achievement Unlocked!                            

                      Apprentice Cathedral Worker (Level 1)                      
 Cloned submodule repository and checked out commits specified by superproject. 
********************************************************************************


********************************************************************************
                            Git Achievement Unlocked!                            

                             Master Author (Level 9)                             
                     Made 2^Level commits using git commit.                     
********************************************************************************

